{
  "stats": {
    "suites": 1,
    "tests": 2,
    "passes": 2,
    "pending": 0,
    "failures": 0,
    "start": "2021-11-14T19:23:53.337Z",
    "end": "2021-11-14T19:24:06.262Z",
    "duration": 12925,
    "testsRegistered": 2,
    "passPercent": 100,
    "pendingPercent": 0,
    "other": 0,
    "hasOther": false,
    "skipped": 0,
    "hasSkipped": false
  },
  "results": [
    {
      "uuid": "4af38fc3-5852-4646-82d6-fe625b8da9c5",
      "title": "",
      "fullFile": "cypress/integration/examples/BDD/ecom.feature",
      "file": "cypress/integration/examples/BDD/ecom.feature",
      "beforeHooks": [],
      "afterHooks": [],
      "tests": [],
      "suites": [
        {
          "uuid": "87c8f8aa-6000-4062-a3ee-7833416e3fdd",
          "title": "E2E testing on Ecommerce website",
          "fullFile": "",
          "file": "",
          "beforeHooks": [],
          "afterHooks": [],
          "tests": [
            {
              "title": "Ecommerce products delivery",
              "fullTitle": "E2E testing on Ecommerce website Ecommerce products delivery",
              "timedOut": null,
              "duration": 9316,
              "state": "passed",
              "speed": "medium",
              "pass": true,
              "fail": false,
              "pending": false,
              "context": null,
              "code": "const state = window.testState;\nreturn cy\n  .then(() => state.onStartScenario(scenario, indexedSteps))\n  .then(() =>\n    resolveAndRunBeforeHooks.call(this, scenario.tags, state.feature.name)\n  )\n  .then(() =>\n    indexedSteps.forEach((step) =>\n      stepTest.call(this, state, step, rowData)\n    )\n  )\n  .then(() => state.onFinishScenario(scenario));",
              "err": {},
              "uuid": "5197eaeb-c3a9-4580-8924-deb005262744",
              "parentUUID": "87c8f8aa-6000-4062-a3ee-7833416e3fdd",
              "isHook": false,
              "skipped": false
            },
            {
              "title": "Filling the form to Shop",
              "fullTitle": "E2E testing on Ecommerce website Filling the form to Shop",
              "timedOut": null,
              "duration": 1144,
              "state": "passed",
              "speed": "fast",
              "pass": true,
              "fail": false,
              "pending": false,
              "context": null,
              "code": "const state = window.testState;\nreturn cy\n  .then(() => state.onStartScenario(scenario, indexedSteps))\n  .then(() =>\n    resolveAndRunBeforeHooks.call(this, scenario.tags, state.feature.name)\n  )\n  .then(() =>\n    indexedSteps.forEach((step) =>\n      stepTest.call(this, state, step, rowData)\n    )\n  )\n  .then(() => state.onFinishScenario(scenario));",
              "err": {},
              "uuid": "a40ca318-99ff-4818-b4a2-95cb4ecfaa9a",
              "parentUUID": "87c8f8aa-6000-4062-a3ee-7833416e3fdd",
              "isHook": false,
              "skipped": false
            }
          ],
          "suites": [],
          "passes": [
            "5197eaeb-c3a9-4580-8924-deb005262744",
            "a40ca318-99ff-4818-b4a2-95cb4ecfaa9a"
          ],
          "failures": [],
          "pending": [],
          "skipped": [],
          "duration": 10460,
          "root": false,
          "rootEmpty": false,
          "_timeout": 2000
        }
      ],
      "passes": [],
      "failures": [],
      "pending": [],
      "skipped": [],
      "duration": 0,
      "root": true,
      "rootEmpty": true,
      "_timeout": 2000
    }
  ],
  "meta": {
    "mocha": {
      "version": "7.0.1"
    },
    "mochawesome": {
      "options": {
        "quiet": false,
        "reportFilename": "mochawesome",
        "saveHtml": true,
        "saveJson": true,
        "consoleReporter": "spec",
        "useInlineDiffs": false,
        "code": true
      },
      "version": "7.0.1"
    },
    "marge": {
      "options": null,
      "version": "6.0.1"
    }
  }
}